biologically
lamppost
ears
dedication
Atropos
satirizing
pricey
nonprofessional
Beijing
facelifts
desserts
squeezer
slate's
foghorns
backstage
Mayflower
Urey's
Delbert
Jeannie's
drama's
feedback's
knothole
die
shelter's
stagecoach
disinterests
pencilled
Chekhov's
killdeer's
Medina
clumps
Seymour's
Gerry
spitefuller
notation's
frankfurters
Aussie
jilting
clamming
waterfowl's
cowardliness
Theodore's
smutty
crusty
favoring
Hammond
Felicity's
corpuscles
dogs
tableau's
crossing's
McFadden
vaccinations
tribalism
topography
sleeked
Phillipa
damage's
grotto
hopefuls
frighten
compartment's
fortnight's
intrusted
hello
deckhand
coach
Orly
wayward
Ben's
telegrams
Gayle
Minnesotan
dependant's
resurgences
exorbitantly
flashily
coverage
behoove
charter
starchiest
sparsest
Whittier's
antagonized
cheerleaders
bisects
taro
mover's
gurgle's
Lassa
subjoin
campers
stills
Dyson
pierced
mountainside's
ablative's
thunderbolt
punted
goofed
revelers
pockmarks
Ceausescu
Ephesian
pathway
angoras
Anderson
bulimic's
nut
Madagascan's
effectual
refinished
namesakes
Suzanne's
outputting
uneasier
ejecting
Rosalie
knits
refinance
highlights
hook's
cleanser's
abstinence's
musically
Vietnam's
calamity
buff
Sophia
hello
transfers
levelheaded
recorder
salivary
trombone's
invade
rheumatic's
orangutangs
acupuncturist
bannister's
hart's
unbends
penthouses
Oldsmobile's
seer
habitability's
decommissioned
Kurdish's
mistresses
putrefies
lizards
Goodyear
Jannie
dendrite
Talleyrand's
bean's
bragger
rareness
microphones
Lafitte
doxology's
box
sycamore's
patrons
runabout's
buzz
registrar
benighted
tureen
pun's
mangled
pox
Goolagong's
elevator's
byword
Szymborska
persists
cookie
Seychelles's
adrenals
Rabat
bulletproofing
Conrad's
practise's
indeed
cipher
lava
edifies
Coolidge's
swallowing
ensure
palindromic
Schlitz's
vacancies
hello
needing
uglier
thermoses
husbanding
realist's
woodworking
fixation
schoolwork
Abigail
lament's
anemometer's
Purus's
Lawrence's
scantest
etiquette's
lowering
frog
fruition's
arsenal's
pronunciation's
lessons
Klein
Zagreb
listing's
scholar
commemorative
hippopotamuses
pulchritude
prevalence's
etched
Manilla
preventive's
melodrama
Goolagong's
livelihoods
energies
spurns
mortgagee's
rabbles
Wilhelmina
glumness
accessible
slivered
progression
three
consonance's
wannabe
stereos
perfuming
windlass's
blasphemously
saintly
reservation's
faddish
Burks's
immorality's
Eyre
Cockney's
bobolinks
fractal's
Kari
interconnections
Tampa
tapir's
hello
muggiest
banjo
vowels
lighthouse
wafer
Nicaragua
Canaan's
thermometer
shrug
discrepancy
Pentecostals
Dramamine
initiators
tiro's
disguise
legislature
louse
oregano
indolent
smokiness
paginating
devoid
obligation's
gravitational
Moldavia's
blameless
microscope's
impressionism
crackpot
tractor's
grandson's
relearning
chaise
racquetball
thumbnail's
elusiveness's
consortium's
cavalier
proportion
forgo
valedictory
vivacious
apparatuses
cobbling
pilaws
crinkling
Emanuel's
splutter's
aviators
messiest
staffer
seashore
importing
telemarketing's
quaintness's
semifinal's
emo's
infanticide
gingersnap's
rooftops
liturgy
sawdust
Minotaur
tutoring
hello
clown
Cheer's
purveying
feta's
Templar's
incineration
Newtonian
Manet's
rhinoceros
bobwhite's
tug
maker's
treacheries
deli
prosodies
borders
Dion's
medallion's
Sasquatch's
courtroom
reprising
unstoppable
watchful
boardinghouse's
Mavis
diffident
salivate
secretions
disloyal
Luanda's
outsmarting
toughly
video's
forest
arcade
scherzos
knotting
Pace's
meme
Shankara's
Wycherley
privation
barbering
hook
Ismael's
federated
spellbind
Slovenia's
sore's
traumatizing
conundrum
appreciation's
outstandingly
Astarte's
hope
kiwi's
miniature's
Hoff's
stoplight
sofa's
harsher
sheepfolds
planning
stalled
hello
Herodotus's
steeps
shambles's
obligingly
Clotho's
scuttling
gallows's
marchioness's
colony's
modifying
imitated
tomboy
thinned
fanciest
cerebella
prigs
accommodation
systematize
dinged
Tojo
campaigning
Meyer's
juiciness's
companion
showoff's
debase
Dorian
Zubenelgenubi's
minced
oxide's
chemist
daybed
clopping
carousal
Rosenzweig's
Irwin's
Huntley's
monicker
hunching
disproved
sensual
apportionment's
out's
bursars
trope
payroll's
Josefina
sponger's
LyX's
underlings
cantos
Novocain's
Rupert's
quainter
preview's
floppy's
Carolyn
maples
individualized
cornball
laud
accustoming
winner
tribute
hello
deck's
surplice
Lynda's
strangeness's
owning
Mona's
exhumed
disclaims
gangway's
flighty
shinny
bromine
fulls
transport
polemic's
collectables
tempera's
pittances
cold's
garnishing
authoritarianism's
tassels
Carnegie
homeowner's
jollity
Schenectady
succulence
cantilevers
deflation
surfeited
slalom
Glendale
instigated
unquestioned
wish
loggerheads
dogmata
obliviousness
Abelson
rivetting
photocopying
deepened
inhabit
buffet
Waterford's
sculleries
salesmanship
cork
Islamabad's
misapplication
staple's
cowboy's
bonny
acclimated
designation's
spins
Dillon
Maxine's
Gipsies
gardener
Green
Capra's
rotisserie's
bury
hello
Borodin's
hunker
drugging
imprecation's
hertz
sculptors
Velveeta
Flora's
southerlies
Zambian
ornithologist
panty
pavilion
sacristan's
zaniness's
irregularities
dairymaid's
Eakins
armed
dim
classmate
outwit
beasts
glossy
Etruria
tattler's
nightclubs
Pope
defaulted
giraffe
caliper
Caiaphas's
rocking
paralytic's
snotty
bistro
begrudge
bevel
Inge's
wanders
incessant
sporing
valets
beefy
Everett
singled
sputter's
Beelzebub's
mouser's
Gandhi's
Kendrick's
machinist's
prevaricating
Nevada's
jar's
magpie
snuffer's
wrenches
phenomenon
phrenology
gradient
commended
bacchanal
hymens
hello
japed
theocratic
peek's
apes
firmness's
silly's
queen's
eruption
frigid
Rachael's
hotkey
tightens
Iris
Marcelino's
tyrannosaurus's
trumpet's
bait's
Orestes
strengthen
scoundrel's
tendril
lodger
monopolized
shrike
incredibly
Bond
virtual
practising
antagonism
interrogation
wagon's
founded
warmonger
slathered
hitting
averting
Aludra
plodders
Sennett
waited
highjack
barometer
hairsplitting
poisonings
transience's
sanitaria
Daugherty's
caverns
scratchiness's
harps
mark's
piggies
final
unlearning
annuity
reapportioning
shanks
Buber
corral's
jeweller's
ventriloquism
earth's
despot
implantation's
hello
solver's
halyard's
masculine's
cannibalize
supports
supertankers
eBay's
Tracy's
Steiner
programmer
gird
inconsolable
dismissals
accumulated
meaningfully
unbuttoned
levitation
trawl's
slicks
exponential
Moloch
angels
howitzer
frizz
abstractly
pocketbook
baloney's
bale
overambitious
Micky's
tasks
masque
preparations
cavorts
polytechnic
sizing
innkeepers
textural
grunted
gaze's
virtuoso's
swallowing
shellac
auricle's
flattery's
phalanx's
fo'c'sle's
Gascony
tubes
firecracker's
god's
Dijkstra
phenomenon
nobleness
nitpickers
Borodin
matricide's
muter
recoil
manner's
subtropical
Jenifer
dialectic's
conscientiousness's
hello
Autumn
yakked
Riviera
Benjamin
Coventry's
negligee
disbands
dime's
retriever's
McClain
pinion
Reynaldo's
substantiation's
spun
opportunist
overcooking
lilt
pureed
Tarbell
dustpan's
Pearlie's
kidnapping's
marshalling
pontificate
meat
iPad
Semitic
epidemics
Easter
Armando's
guessed
registrar
insist
blogger's
multiplicands
strategically
treat
billow's
reformulated
bridge's
eavesdroppers
resonator's
molding's
frizziest
crowbar
lastingly
grossed
deal's
gardenia
Qualcomm's
Alejandra's
backfiring
Sonia
Marlon
foible
conjoint
stewardess
tackle's
stentorian
Clydesdale's
implosion
tankful's
uncritical
pleasure
hello
stitch's
strapped
busies
Lycurgus's
Annie
dancing's
Chasity
minuses
blacksmith's
postcards
conjures
Tweed
Sisters
sulphured
trappable
ring
wingspreads
rubrics
deciphering
droll
hedonistic
militiamen
Schiaparelli
prevalence
Augusta
radius
Epsom's
underage
kidney
chickadees
ridgepole
production
dad's
shortening's
senators
rusts
cataloged
subsidizing
effigies
tram's
conciliatory
disobliges
Romanov's
gazetting
jingle's
kilns
mistime
prospectuses
yucca's
Cantrell
Hispaniola
autocratically
suit
dozing
guttersnipe's
confuse
controversial
meteors
feeler
full's
pawpaw's
pall's
succinct
swans
hello
subsuming
grace's
lazied
despots
receptacle's
sealskin
apron's
bluebell
rood's
thunderbolts
Elwood
levelheadedness
sinecures
paramedic
anthologizes
whereabouts
frequentest
intolerably
transfusions
musty
fridge's
molecule's
Annette's
shamrock
enabled
Christy's
centiliter
hairline's
gooey
Ellie's
doldrums's
Enron
sedulous
depletes
f
polices
Nichols's
highbrow
diarist
atypical
sweeties
inherent
prodigal
streaks
Antonio
plastique
teardrops
preface
anteroom
Mamet's
ophthalmologist
frumps
followed
Bettie's
polo
rareness
turntables
duffer
approached
laxest
suction
kicky
duping
Hesse
hello
autism's
baronets
unlikeliest
teetering
deportment's
demoted
overdone
turnpike
shrub
section's
terming
pharmaceutical's
inhibited
crawfish's
Scheherazade
shoos
henceforth
stick's
Spenser
chowder's
Syrian
slammer's
Bessel
crawfish
dashikis
foresails
fans
vociferous
pristine
twangs
solidarity's
pastrami's
fences
vigils
Salinger
pantyhose's
Alighieri's
Ella
snits
Willis's
satiety
tasked
ruing
skywriter
importing
gofer's
Jeanie's
Sung's
trotters
unfettered
Kathleen's
brouhaha
corking
touched
notifying
inhaled
sunflowers
owns
clashing
disuse
Meany's
ramrod's
Eve's
Singapore
hello
oversensitive
christening's
gaberdine's
avocation
fishwives
Cayenne
anemone
earlobes
Norths
straddled
auditioning
whelked
Carter's
recycle's
aureolas
pintos
atomizer's
cape
psychic
Annmarie
glassiest
Chaitanya
hippy
agrees
Franco
